<?xml version="1.0" encoding="UTF-8"?>
<testng-results ignored="0" total="2" passed="0" failed="0" skipped="2">
  <reporter-output>
  </reporter-output>
  <suite started-at="2021-11-29T09:45:56Z" name="Suite" finished-at="2021-11-29T09:46:00Z" duration-ms="3450">
    <groups>
    </groups>
    <test started-at="2021-11-29T09:45:56Z" name="Test" finished-at="2021-11-29T09:46:00Z" duration-ms="3450">
      <class name="com.wallethub.qa.testcases.TestInsuranceReview">
        <test-method is-config="true" signature="setup()[pri:0, instance:com.wallethub.qa.testcases.TestInsuranceReview@563e4951]" started-at="2021-11-29T15:15:56Z" name="setup" finished-at="2021-11-29T15:16:00Z" duration-ms="3401" status="FAIL">
          <exception class="org.openqa.selenium.SessionNotCreatedException">
            <message>
              <![CDATA[session not created: This version of ChromeDriver only supports Chrome version 94
Current browser version is 96.0.4664.45 with binary path C:\Program Files (x86)\Google\Chrome\Application\chrome.exe
Build info: version: '3.14.0', revision: 'aacccce0', time: '2018-08-02T20:19:58.91Z'
System info: host: 'DESKTOP-D57A3PS', ip: '192.168.0.7', os.name: 'Windows 10', os.arch: 'amd64', os.version: '10.0', java.version: '11.0.12'
Driver info: driver.version: ChromeDriver
remote stacktrace: Backtrace:
	Ordinal0 [0x0105B9D3+2472403]
	Ordinal0 [0x00FF6961+2058593]
	Ordinal0 [0x00F022B8+1057464]
	Ordinal0 [0x00F203FA+1180666]
	Ordinal0 [0x00F1C2E5+1164005]
	Ordinal0 [0x00F19B7F+1153919]
	Ordinal0 [0x00F4997F+1350015]
	Ordinal0 [0x00F495EA+1349098]
	Ordinal0 [0x00F4545B+1332315]
	Ordinal0 [0x00F21FB4+1187764]
	Ordinal0 [0x00F22E09+1191433]
	GetHandleVerifier [0x011E3396+1551078]
	GetHandleVerifier [0x0128D53A+2247818]
	GetHandleVerifier [0x010E7FBB+521995]
	GetHandleVerifier [0x010E7079+518089]
	Ordinal0 [0x00FFBD4D+2080077]
	Ordinal0 [0x00FFFC18+2096152]
	Ordinal0 [0x00FFFD52+2096466]
	Ordinal0 [0x010094B1+2135217]
	BaseThreadInitThunk [0x76A2FA29+25]
	RtlGetAppContainerNamedObjectPath [0x772B7A9E+286]
	RtlGetAppContainerNamedObjectPath [0x772B7A6E+238]
]]>
            </message>
            <full-stacktrace>
              <![CDATA[org.openqa.selenium.SessionNotCreatedException: session not created: This version of ChromeDriver only supports Chrome version 94
Current browser version is 96.0.4664.45 with binary path C:\Program Files (x86)\Google\Chrome\Application\chrome.exe
Build info: version: '3.14.0', revision: 'aacccce0', time: '2018-08-02T20:19:58.91Z'
System info: host: 'DESKTOP-D57A3PS', ip: '192.168.0.7', os.name: 'Windows 10', os.arch: 'amd64', os.version: '10.0', java.version: '11.0.12'
Driver info: driver.version: ChromeDriver
remote stacktrace: Backtrace:
	Ordinal0 [0x0105B9D3+2472403]
	Ordinal0 [0x00FF6961+2058593]
	Ordinal0 [0x00F022B8+1057464]
	Ordinal0 [0x00F203FA+1180666]
	Ordinal0 [0x00F1C2E5+1164005]
	Ordinal0 [0x00F19B7F+1153919]
	Ordinal0 [0x00F4997F+1350015]
	Ordinal0 [0x00F495EA+1349098]
	Ordinal0 [0x00F4545B+1332315]
	Ordinal0 [0x00F21FB4+1187764]
	Ordinal0 [0x00F22E09+1191433]
	GetHandleVerifier [0x011E3396+1551078]
	GetHandleVerifier [0x0128D53A+2247818]
	GetHandleVerifier [0x010E7FBB+521995]
	GetHandleVerifier [0x010E7079+518089]
	Ordinal0 [0x00FFBD4D+2080077]
	Ordinal0 [0x00FFFC18+2096152]
	Ordinal0 [0x00FFFD52+2096466]
	Ordinal0 [0x010094B1+2135217]
	BaseThreadInitThunk [0x76A2FA29+25]
	RtlGetAppContainerNamedObjectPath [0x772B7A9E+286]
	RtlGetAppContainerNamedObjectPath [0x772B7A6E+238]

	at java.base/jdk.internal.reflect.NativeConstructorAccessorImpl.newInstance0(Native Method)
	at java.base/jdk.internal.reflect.NativeConstructorAccessorImpl.newInstance(NativeConstructorAccessorImpl.java:62)
	at java.base/jdk.internal.reflect.DelegatingConstructorAccessorImpl.newInstance(DelegatingConstructorAccessorImpl.java:45)
	at java.base/java.lang.reflect.Constructor.newInstance(Constructor.java:490)
	at org.openqa.selenium.remote.W3CHandshakeResponse.lambda$new$0(W3CHandshakeResponse.java:57)
	at org.openqa.selenium.remote.W3CHandshakeResponse.lambda$getResponseFunction$2(W3CHandshakeResponse.java:104)
	at org.openqa.selenium.remote.ProtocolHandshake.lambda$createSession$0(ProtocolHandshake.java:122)
	at java.base/java.util.stream.ReferencePipeline$3$1.accept(ReferencePipeline.java:195)
	at java.base/java.util.Spliterators$ArraySpliterator.tryAdvance(Spliterators.java:958)
	at java.base/java.util.stream.ReferencePipeline.forEachWithCancel(ReferencePipeline.java:127)
	at java.base/java.util.stream.AbstractPipeline.copyIntoWithCancel(AbstractPipeline.java:502)
	at java.base/java.util.stream.AbstractPipeline.copyInto(AbstractPipeline.java:488)
	at java.base/java.util.stream.AbstractPipeline.wrapAndCopyInto(AbstractPipeline.java:474)
	at java.base/java.util.stream.FindOps$FindOp.evaluateSequential(FindOps.java:150)
	at java.base/java.util.stream.AbstractPipeline.evaluate(AbstractPipeline.java:234)
	at java.base/java.util.stream.ReferencePipeline.findFirst(ReferencePipeline.java:543)
	at org.openqa.selenium.remote.ProtocolHandshake.createSession(ProtocolHandshake.java:125)
	at org.openqa.selenium.remote.ProtocolHandshake.createSession(ProtocolHandshake.java:73)
	at org.openqa.selenium.remote.HttpCommandExecutor.execute(HttpCommandExecutor.java:136)
	at org.openqa.selenium.remote.service.DriverCommandExecutor.execute(DriverCommandExecutor.java:83)
	at org.openqa.selenium.remote.RemoteWebDriver.execute(RemoteWebDriver.java:548)
	at org.openqa.selenium.remote.RemoteWebDriver.startSession(RemoteWebDriver.java:212)
	at org.openqa.selenium.remote.RemoteWebDriver.<init>(RemoteWebDriver.java:130)
	at org.openqa.selenium.chrome.ChromeDriver.<init>(ChromeDriver.java:181)
	at org.openqa.selenium.chrome.ChromeDriver.<init>(ChromeDriver.java:168)
	at org.openqa.selenium.chrome.ChromeDriver.<init>(ChromeDriver.java:157)
	at com.wallethub.qa.base.TestBase.initialization(TestBase.java:47)
	at com.wallethub.qa.testcases.TestInsuranceReview.setup(TestInsuranceReview.java:27)
	at java.base/jdk.internal.reflect.NativeMethodAccessorImpl.invoke0(Native Method)
	at java.base/jdk.internal.reflect.NativeMethodAccessorImpl.invoke(NativeMethodAccessorImpl.java:62)
	at java.base/jdk.internal.reflect.DelegatingMethodAccessorImpl.invoke(DelegatingMethodAccessorImpl.java:43)
	at java.base/java.lang.reflect.Method.invoke(Method.java:566)
	at org.testng.internal.MethodInvocationHelper.invokeMethod(MethodInvocationHelper.java:108)
	at org.testng.internal.Invoker.invokeConfigurationMethod(Invoker.java:523)
	at org.testng.internal.Invoker.invokeConfigurations(Invoker.java:224)
	at org.testng.internal.Invoker.invokeMethod(Invoker.java:599)
	at org.testng.internal.Invoker.invokeTestMethod(Invoker.java:869)
	at org.testng.internal.Invoker.invokeTestMethods(Invoker.java:1193)
	at org.testng.internal.TestMethodWorker.invokeTestMethods(TestMethodWorker.java:126)
	at org.testng.internal.TestMethodWorker.run(TestMethodWorker.java:109)
	at org.testng.TestRunner.privateRun(TestRunner.java:744)
	at org.testng.TestRunner.run(TestRunner.java:602)
	at org.testng.SuiteRunner.runTest(SuiteRunner.java:380)
	at org.testng.SuiteRunner.runSequentially(SuiteRunner.java:375)
	at org.testng.SuiteRunner.privateRun(SuiteRunner.java:340)
	at org.testng.SuiteRunner.run(SuiteRunner.java:289)
	at org.testng.SuiteRunnerWorker.runSuite(SuiteRunnerWorker.java:52)
	at org.testng.SuiteRunnerWorker.run(SuiteRunnerWorker.java:86)
	at org.testng.TestNG.runSuitesSequentially(TestNG.java:1301)
	at org.testng.TestNG.runSuitesLocally(TestNG.java:1226)
	at org.testng.TestNG.runSuites(TestNG.java:1144)
	at org.testng.TestNG.run(TestNG.java:1115)
	at org.testng.remote.AbstractRemoteTestNG.run(AbstractRemoteTestNG.java:115)
	at org.testng.remote.RemoteTestNG.initAndRun(RemoteTestNG.java:251)
	at org.testng.remote.RemoteTestNG.main(RemoteTestNG.java:77)
]]>
            </full-stacktrace>
          </exception> <!-- org.openqa.selenium.SessionNotCreatedException -->
          <reporter-output>
          </reporter-output>
        </test-method> <!-- setup -->
        <test-method signature="writeReview()[pri:1, instance:com.wallethub.qa.testcases.TestInsuranceReview@563e4951]" started-at="2021-11-29T15:16:00Z" name="writeReview" finished-at="2021-11-29T15:16:00Z" duration-ms="0" status="SKIP">
          <exception class="org.openqa.selenium.SessionNotCreatedException">
            <message>
              <![CDATA[session not created: This version of ChromeDriver only supports Chrome version 94
Current browser version is 96.0.4664.45 with binary path C:\Program Files (x86)\Google\Chrome\Application\chrome.exe
Build info: version: '3.14.0', revision: 'aacccce0', time: '2018-08-02T20:19:58.91Z'
System info: host: 'DESKTOP-D57A3PS', ip: '192.168.0.7', os.name: 'Windows 10', os.arch: 'amd64', os.version: '10.0', java.version: '11.0.12'
Driver info: driver.version: ChromeDriver
remote stacktrace: Backtrace:
	Ordinal0 [0x0105B9D3+2472403]
	Ordinal0 [0x00FF6961+2058593]
	Ordinal0 [0x00F022B8+1057464]
	Ordinal0 [0x00F203FA+1180666]
	Ordinal0 [0x00F1C2E5+1164005]
	Ordinal0 [0x00F19B7F+1153919]
	Ordinal0 [0x00F4997F+1350015]
	Ordinal0 [0x00F495EA+1349098]
	Ordinal0 [0x00F4545B+1332315]
	Ordinal0 [0x00F21FB4+1187764]
	Ordinal0 [0x00F22E09+1191433]
	GetHandleVerifier [0x011E3396+1551078]
	GetHandleVerifier [0x0128D53A+2247818]
	GetHandleVerifier [0x010E7FBB+521995]
	GetHandleVerifier [0x010E7079+518089]
	Ordinal0 [0x00FFBD4D+2080077]
	Ordinal0 [0x00FFFC18+2096152]
	Ordinal0 [0x00FFFD52+2096466]
	Ordinal0 [0x010094B1+2135217]
	BaseThreadInitThunk [0x76A2FA29+25]
	RtlGetAppContainerNamedObjectPath [0x772B7A9E+286]
	RtlGetAppContainerNamedObjectPath [0x772B7A6E+238]
]]>
            </message>
            <full-stacktrace>
              <![CDATA[org.openqa.selenium.SessionNotCreatedException: session not created: This version of ChromeDriver only supports Chrome version 94
Current browser version is 96.0.4664.45 with binary path C:\Program Files (x86)\Google\Chrome\Application\chrome.exe
Build info: version: '3.14.0', revision: 'aacccce0', time: '2018-08-02T20:19:58.91Z'
System info: host: 'DESKTOP-D57A3PS', ip: '192.168.0.7', os.name: 'Windows 10', os.arch: 'amd64', os.version: '10.0', java.version: '11.0.12'
Driver info: driver.version: ChromeDriver
remote stacktrace: Backtrace:
	Ordinal0 [0x0105B9D3+2472403]
	Ordinal0 [0x00FF6961+2058593]
	Ordinal0 [0x00F022B8+1057464]
	Ordinal0 [0x00F203FA+1180666]
	Ordinal0 [0x00F1C2E5+1164005]
	Ordinal0 [0x00F19B7F+1153919]
	Ordinal0 [0x00F4997F+1350015]
	Ordinal0 [0x00F495EA+1349098]
	Ordinal0 [0x00F4545B+1332315]
	Ordinal0 [0x00F21FB4+1187764]
	Ordinal0 [0x00F22E09+1191433]
	GetHandleVerifier [0x011E3396+1551078]
	GetHandleVerifier [0x0128D53A+2247818]
	GetHandleVerifier [0x010E7FBB+521995]
	GetHandleVerifier [0x010E7079+518089]
	Ordinal0 [0x00FFBD4D+2080077]
	Ordinal0 [0x00FFFC18+2096152]
	Ordinal0 [0x00FFFD52+2096466]
	Ordinal0 [0x010094B1+2135217]
	BaseThreadInitThunk [0x76A2FA29+25]
	RtlGetAppContainerNamedObjectPath [0x772B7A9E+286]
	RtlGetAppContainerNamedObjectPath [0x772B7A6E+238]

	at java.base/jdk.internal.reflect.NativeConstructorAccessorImpl.newInstance0(Native Method)
	at java.base/jdk.internal.reflect.NativeConstructorAccessorImpl.newInstance(NativeConstructorAccessorImpl.java:62)
	at java.base/jdk.internal.reflect.DelegatingConstructorAccessorImpl.newInstance(DelegatingConstructorAccessorImpl.java:45)
	at java.base/java.lang.reflect.Constructor.newInstance(Constructor.java:490)
	at org.openqa.selenium.remote.W3CHandshakeResponse.lambda$new$0(W3CHandshakeResponse.java:57)
	at org.openqa.selenium.remote.W3CHandshakeResponse.lambda$getResponseFunction$2(W3CHandshakeResponse.java:104)
	at org.openqa.selenium.remote.ProtocolHandshake.lambda$createSession$0(ProtocolHandshake.java:122)
	at java.base/java.util.stream.ReferencePipeline$3$1.accept(ReferencePipeline.java:195)
	at java.base/java.util.Spliterators$ArraySpliterator.tryAdvance(Spliterators.java:958)
	at java.base/java.util.stream.ReferencePipeline.forEachWithCancel(ReferencePipeline.java:127)
	at java.base/java.util.stream.AbstractPipeline.copyIntoWithCancel(AbstractPipeline.java:502)
	at java.base/java.util.stream.AbstractPipeline.copyInto(AbstractPipeline.java:488)
	at java.base/java.util.stream.AbstractPipeline.wrapAndCopyInto(AbstractPipeline.java:474)
	at java.base/java.util.stream.FindOps$FindOp.evaluateSequential(FindOps.java:150)
	at java.base/java.util.stream.AbstractPipeline.evaluate(AbstractPipeline.java:234)
	at java.base/java.util.stream.ReferencePipeline.findFirst(ReferencePipeline.java:543)
	at org.openqa.selenium.remote.ProtocolHandshake.createSession(ProtocolHandshake.java:125)
	at org.openqa.selenium.remote.ProtocolHandshake.createSession(ProtocolHandshake.java:73)
	at org.openqa.selenium.remote.HttpCommandExecutor.execute(HttpCommandExecutor.java:136)
	at org.openqa.selenium.remote.service.DriverCommandExecutor.execute(DriverCommandExecutor.java:83)
	at org.openqa.selenium.remote.RemoteWebDriver.execute(RemoteWebDriver.java:548)
	at org.openqa.selenium.remote.RemoteWebDriver.startSession(RemoteWebDriver.java:212)
	at org.openqa.selenium.remote.RemoteWebDriver.<init>(RemoteWebDriver.java:130)
	at org.openqa.selenium.chrome.ChromeDriver.<init>(ChromeDriver.java:181)
	at org.openqa.selenium.chrome.ChromeDriver.<init>(ChromeDriver.java:168)
	at org.openqa.selenium.chrome.ChromeDriver.<init>(ChromeDriver.java:157)
	at com.wallethub.qa.base.TestBase.initialization(TestBase.java:47)
	at com.wallethub.qa.testcases.TestInsuranceReview.setup(TestInsuranceReview.java:27)
	at java.base/jdk.internal.reflect.NativeMethodAccessorImpl.invoke0(Native Method)
	at java.base/jdk.internal.reflect.NativeMethodAccessorImpl.invoke(NativeMethodAccessorImpl.java:62)
	at java.base/jdk.internal.reflect.DelegatingMethodAccessorImpl.invoke(DelegatingMethodAccessorImpl.java:43)
	at java.base/java.lang.reflect.Method.invoke(Method.java:566)
	at org.testng.internal.MethodInvocationHelper.invokeMethod(MethodInvocationHelper.java:108)
	at org.testng.internal.Invoker.invokeConfigurationMethod(Invoker.java:523)
	at org.testng.internal.Invoker.invokeConfigurations(Invoker.java:224)
	at org.testng.internal.Invoker.invokeMethod(Invoker.java:599)
	at org.testng.internal.Invoker.invokeTestMethod(Invoker.java:869)
	at org.testng.internal.Invoker.invokeTestMethods(Invoker.java:1193)
	at org.testng.internal.TestMethodWorker.invokeTestMethods(TestMethodWorker.java:126)
	at org.testng.internal.TestMethodWorker.run(TestMethodWorker.java:109)
	at org.testng.TestRunner.privateRun(TestRunner.java:744)
	at org.testng.TestRunner.run(TestRunner.java:602)
	at org.testng.SuiteRunner.runTest(SuiteRunner.java:380)
	at org.testng.SuiteRunner.runSequentially(SuiteRunner.java:375)
	at org.testng.SuiteRunner.privateRun(SuiteRunner.java:340)
	at org.testng.SuiteRunner.run(SuiteRunner.java:289)
	at org.testng.SuiteRunnerWorker.runSuite(SuiteRunnerWorker.java:52)
	at org.testng.SuiteRunnerWorker.run(SuiteRunnerWorker.java:86)
	at org.testng.TestNG.runSuitesSequentially(TestNG.java:1301)
	at org.testng.TestNG.runSuitesLocally(TestNG.java:1226)
	at org.testng.TestNG.runSuites(TestNG.java:1144)
	at org.testng.TestNG.run(TestNG.java:1115)
	at org.testng.remote.AbstractRemoteTestNG.run(AbstractRemoteTestNG.java:115)
	at org.testng.remote.RemoteTestNG.initAndRun(RemoteTestNG.java:251)
	at org.testng.remote.RemoteTestNG.main(RemoteTestNG.java:77)
]]>
            </full-stacktrace>
          </exception> <!-- org.openqa.selenium.SessionNotCreatedException -->
          <reporter-output>
          </reporter-output>
        </test-method> <!-- writeReview -->
        <test-method is-config="true" signature="setup()[pri:0, instance:com.wallethub.qa.testcases.TestInsuranceReview@563e4951]" started-at="2021-11-29T15:16:00Z" name="setup" finished-at="2021-11-29T15:16:00Z" duration-ms="0" status="SKIP">
          <reporter-output>
          </reporter-output>
        </test-method> <!-- setup -->
        <test-method signature="verifyReview()[pri:2, instance:com.wallethub.qa.testcases.TestInsuranceReview@563e4951]" started-at="2021-11-29T15:16:00Z" name="verifyReview" finished-at="2021-11-29T15:16:00Z" duration-ms="0" status="SKIP">
          <exception class="org.openqa.selenium.SessionNotCreatedException">
            <message>
              <![CDATA[session not created: This version of ChromeDriver only supports Chrome version 94
Current browser version is 96.0.4664.45 with binary path C:\Program Files (x86)\Google\Chrome\Application\chrome.exe
Build info: version: '3.14.0', revision: 'aacccce0', time: '2018-08-02T20:19:58.91Z'
System info: host: 'DESKTOP-D57A3PS', ip: '192.168.0.7', os.name: 'Windows 10', os.arch: 'amd64', os.version: '10.0', java.version: '11.0.12'
Driver info: driver.version: ChromeDriver
remote stacktrace: Backtrace:
	Ordinal0 [0x0105B9D3+2472403]
	Ordinal0 [0x00FF6961+2058593]
	Ordinal0 [0x00F022B8+1057464]
	Ordinal0 [0x00F203FA+1180666]
	Ordinal0 [0x00F1C2E5+1164005]
	Ordinal0 [0x00F19B7F+1153919]
	Ordinal0 [0x00F4997F+1350015]
	Ordinal0 [0x00F495EA+1349098]
	Ordinal0 [0x00F4545B+1332315]
	Ordinal0 [0x00F21FB4+1187764]
	Ordinal0 [0x00F22E09+1191433]
	GetHandleVerifier [0x011E3396+1551078]
	GetHandleVerifier [0x0128D53A+2247818]
	GetHandleVerifier [0x010E7FBB+521995]
	GetHandleVerifier [0x010E7079+518089]
	Ordinal0 [0x00FFBD4D+2080077]
	Ordinal0 [0x00FFFC18+2096152]
	Ordinal0 [0x00FFFD52+2096466]
	Ordinal0 [0x010094B1+2135217]
	BaseThreadInitThunk [0x76A2FA29+25]
	RtlGetAppContainerNamedObjectPath [0x772B7A9E+286]
	RtlGetAppContainerNamedObjectPath [0x772B7A6E+238]
]]>
            </message>
            <full-stacktrace>
              <![CDATA[org.openqa.selenium.SessionNotCreatedException: session not created: This version of ChromeDriver only supports Chrome version 94
Current browser version is 96.0.4664.45 with binary path C:\Program Files (x86)\Google\Chrome\Application\chrome.exe
Build info: version: '3.14.0', revision: 'aacccce0', time: '2018-08-02T20:19:58.91Z'
System info: host: 'DESKTOP-D57A3PS', ip: '192.168.0.7', os.name: 'Windows 10', os.arch: 'amd64', os.version: '10.0', java.version: '11.0.12'
Driver info: driver.version: ChromeDriver
remote stacktrace: Backtrace:
	Ordinal0 [0x0105B9D3+2472403]
	Ordinal0 [0x00FF6961+2058593]
	Ordinal0 [0x00F022B8+1057464]
	Ordinal0 [0x00F203FA+1180666]
	Ordinal0 [0x00F1C2E5+1164005]
	Ordinal0 [0x00F19B7F+1153919]
	Ordinal0 [0x00F4997F+1350015]
	Ordinal0 [0x00F495EA+1349098]
	Ordinal0 [0x00F4545B+1332315]
	Ordinal0 [0x00F21FB4+1187764]
	Ordinal0 [0x00F22E09+1191433]
	GetHandleVerifier [0x011E3396+1551078]
	GetHandleVerifier [0x0128D53A+2247818]
	GetHandleVerifier [0x010E7FBB+521995]
	GetHandleVerifier [0x010E7079+518089]
	Ordinal0 [0x00FFBD4D+2080077]
	Ordinal0 [0x00FFFC18+2096152]
	Ordinal0 [0x00FFFD52+2096466]
	Ordinal0 [0x010094B1+2135217]
	BaseThreadInitThunk [0x76A2FA29+25]
	RtlGetAppContainerNamedObjectPath [0x772B7A9E+286]
	RtlGetAppContainerNamedObjectPath [0x772B7A6E+238]

	at java.base/jdk.internal.reflect.NativeConstructorAccessorImpl.newInstance0(Native Method)
	at java.base/jdk.internal.reflect.NativeConstructorAccessorImpl.newInstance(NativeConstructorAccessorImpl.java:62)
	at java.base/jdk.internal.reflect.DelegatingConstructorAccessorImpl.newInstance(DelegatingConstructorAccessorImpl.java:45)
	at java.base/java.lang.reflect.Constructor.newInstance(Constructor.java:490)
	at org.openqa.selenium.remote.W3CHandshakeResponse.lambda$new$0(W3CHandshakeResponse.java:57)
	at org.openqa.selenium.remote.W3CHandshakeResponse.lambda$getResponseFunction$2(W3CHandshakeResponse.java:104)
	at org.openqa.selenium.remote.ProtocolHandshake.lambda$createSession$0(ProtocolHandshake.java:122)
	at java.base/java.util.stream.ReferencePipeline$3$1.accept(ReferencePipeline.java:195)
	at java.base/java.util.Spliterators$ArraySpliterator.tryAdvance(Spliterators.java:958)
	at java.base/java.util.stream.ReferencePipeline.forEachWithCancel(ReferencePipeline.java:127)
	at java.base/java.util.stream.AbstractPipeline.copyIntoWithCancel(AbstractPipeline.java:502)
	at java.base/java.util.stream.AbstractPipeline.copyInto(AbstractPipeline.java:488)
	at java.base/java.util.stream.AbstractPipeline.wrapAndCopyInto(AbstractPipeline.java:474)
	at java.base/java.util.stream.FindOps$FindOp.evaluateSequential(FindOps.java:150)
	at java.base/java.util.stream.AbstractPipeline.evaluate(AbstractPipeline.java:234)
	at java.base/java.util.stream.ReferencePipeline.findFirst(ReferencePipeline.java:543)
	at org.openqa.selenium.remote.ProtocolHandshake.createSession(ProtocolHandshake.java:125)
	at org.openqa.selenium.remote.ProtocolHandshake.createSession(ProtocolHandshake.java:73)
	at org.openqa.selenium.remote.HttpCommandExecutor.execute(HttpCommandExecutor.java:136)
	at org.openqa.selenium.remote.service.DriverCommandExecutor.execute(DriverCommandExecutor.java:83)
	at org.openqa.selenium.remote.RemoteWebDriver.execute(RemoteWebDriver.java:548)
	at org.openqa.selenium.remote.RemoteWebDriver.startSession(RemoteWebDriver.java:212)
	at org.openqa.selenium.remote.RemoteWebDriver.<init>(RemoteWebDriver.java:130)
	at org.openqa.selenium.chrome.ChromeDriver.<init>(ChromeDriver.java:181)
	at org.openqa.selenium.chrome.ChromeDriver.<init>(ChromeDriver.java:168)
	at org.openqa.selenium.chrome.ChromeDriver.<init>(ChromeDriver.java:157)
	at com.wallethub.qa.base.TestBase.initialization(TestBase.java:47)
	at com.wallethub.qa.testcases.TestInsuranceReview.setup(TestInsuranceReview.java:27)
	at java.base/jdk.internal.reflect.NativeMethodAccessorImpl.invoke0(Native Method)
	at java.base/jdk.internal.reflect.NativeMethodAccessorImpl.invoke(NativeMethodAccessorImpl.java:62)
	at java.base/jdk.internal.reflect.DelegatingMethodAccessorImpl.invoke(DelegatingMethodAccessorImpl.java:43)
	at java.base/java.lang.reflect.Method.invoke(Method.java:566)
	at org.testng.internal.MethodInvocationHelper.invokeMethod(MethodInvocationHelper.java:108)
	at org.testng.internal.Invoker.invokeConfigurationMethod(Invoker.java:523)
	at org.testng.internal.Invoker.invokeConfigurations(Invoker.java:224)
	at org.testng.internal.Invoker.invokeMethod(Invoker.java:599)
	at org.testng.internal.Invoker.invokeTestMethod(Invoker.java:869)
	at org.testng.internal.Invoker.invokeTestMethods(Invoker.java:1193)
	at org.testng.internal.TestMethodWorker.invokeTestMethods(TestMethodWorker.java:126)
	at org.testng.internal.TestMethodWorker.run(TestMethodWorker.java:109)
	at org.testng.TestRunner.privateRun(TestRunner.java:744)
	at org.testng.TestRunner.run(TestRunner.java:602)
	at org.testng.SuiteRunner.runTest(SuiteRunner.java:380)
	at org.testng.SuiteRunner.runSequentially(SuiteRunner.java:375)
	at org.testng.SuiteRunner.privateRun(SuiteRunner.java:340)
	at org.testng.SuiteRunner.run(SuiteRunner.java:289)
	at org.testng.SuiteRunnerWorker.runSuite(SuiteRunnerWorker.java:52)
	at org.testng.SuiteRunnerWorker.run(SuiteRunnerWorker.java:86)
	at org.testng.TestNG.runSuitesSequentially(TestNG.java:1301)
	at org.testng.TestNG.runSuitesLocally(TestNG.java:1226)
	at org.testng.TestNG.runSuites(TestNG.java:1144)
	at org.testng.TestNG.run(TestNG.java:1115)
	at org.testng.remote.AbstractRemoteTestNG.run(AbstractRemoteTestNG.java:115)
	at org.testng.remote.RemoteTestNG.initAndRun(RemoteTestNG.java:251)
	at org.testng.remote.RemoteTestNG.main(RemoteTestNG.java:77)
]]>
            </full-stacktrace>
          </exception> <!-- org.openqa.selenium.SessionNotCreatedException -->
          <reporter-output>
          </reporter-output>
        </test-method> <!-- verifyReview -->
      </class> <!-- com.wallethub.qa.testcases.TestInsuranceReview -->
    </test> <!-- Test -->
  </suite> <!-- Suite -->
</testng-results>
