<?xml version="1.0" encoding="UTF-8"?>
<!-- Generated by org.testng.reporters.JUnitXMLReporter -->
<testsuite ignored="0" hostname="DESKTOP-D57A3PS" failures="0" tests="2" name="Test" time="3.45" errors="0" timestamp="29 Nov 2021 09:46:00 GMT">
  <testcase classname="com.wallethub.qa.testcases.TestInsuranceReview" name="@BeforeMethod setup" time="3.401">
    <failure type="org.openqa.selenium.SessionNotCreatedException" message="session not created: This version of ChromeDriver only supports Chrome version 94
Current browser version is 96.0.4664.45 with binary path C:\Program Files (x86)\Google\Chrome\Application\chrome.exe
Build info: version: &amp;apos;3.14.0&amp;apos;, revision: &amp;apos;aacccce0&amp;apos;, time: &amp;apos;2018-08-02T20:19:58.91Z&amp;apos;
System info: host: &amp;apos;DESKTOP-D57A3PS&amp;apos;, ip: &amp;apos;192.168.0.7&amp;apos;, os.name: &amp;apos;Windows 10&amp;apos;, os.arch: &amp;apos;amd64&amp;apos;, os.version: &amp;apos;10.0&amp;apos;, java.version: &amp;apos;11.0.12&amp;apos;
Driver info: driver.version: ChromeDriver
remote stacktrace: Backtrace:
	Ordinal0 [0x0105B9D3+2472403]
	Ordinal0 [0x00FF6961+2058593]
	Ordinal0 [0x00F022B8+1057464]
	Ordinal0 [0x00F203FA+1180666]
	Ordinal0 [0x00F1C2E5+1164005]
	Ordinal0 [0x00F19B7F+1153919]
	Ordinal0 [0x00F4997F+1350015]
	Ordinal0 [0x00F495EA+1349098]
	Ordinal0 [0x00F4545B+1332315]
	Ordinal0 [0x00F21FB4+1187764]
	Ordinal0 [0x00F22E09+1191433]
	GetHandleVerifier [0x011E3396+1551078]
	GetHandleVerifier [0x0128D53A+2247818]
	GetHandleVerifier [0x010E7FBB+521995]
	GetHandleVerifier [0x010E7079+518089]
	Ordinal0 [0x00FFBD4D+2080077]
	Ordinal0 [0x00FFFC18+2096152]
	Ordinal0 [0x00FFFD52+2096466]
	Ordinal0 [0x010094B1+2135217]
	BaseThreadInitThunk [0x76A2FA29+25]
	RtlGetAppContainerNamedObjectPath [0x772B7A9E+286]
	RtlGetAppContainerNamedObjectPath [0x772B7A6E+238]
">
      <![CDATA[org.openqa.selenium.SessionNotCreatedException: session not created: This version of ChromeDriver only supports Chrome version 94
Current browser version is 96.0.4664.45 with binary path C:\Program Files (x86)\Google\Chrome\Application\chrome.exe
Build info: version: '3.14.0', revision: 'aacccce0', time: '2018-08-02T20:19:58.91Z'
System info: host: 'DESKTOP-D57A3PS', ip: '192.168.0.7', os.name: 'Windows 10', os.arch: 'amd64', os.version: '10.0', java.version: '11.0.12'
Driver info: driver.version: ChromeDriver
remote stacktrace: Backtrace:
	Ordinal0 [0x0105B9D3+2472403]
	Ordinal0 [0x00FF6961+2058593]
	Ordinal0 [0x00F022B8+1057464]
	Ordinal0 [0x00F203FA+1180666]
	Ordinal0 [0x00F1C2E5+1164005]
	Ordinal0 [0x00F19B7F+1153919]
	Ordinal0 [0x00F4997F+1350015]
	Ordinal0 [0x00F495EA+1349098]
	Ordinal0 [0x00F4545B+1332315]
	Ordinal0 [0x00F21FB4+1187764]
	Ordinal0 [0x00F22E09+1191433]
	GetHandleVerifier [0x011E3396+1551078]
	GetHandleVerifier [0x0128D53A+2247818]
	GetHandleVerifier [0x010E7FBB+521995]
	GetHandleVerifier [0x010E7079+518089]
	Ordinal0 [0x00FFBD4D+2080077]
	Ordinal0 [0x00FFFC18+2096152]
	Ordinal0 [0x00FFFD52+2096466]
	Ordinal0 [0x010094B1+2135217]
	BaseThreadInitThunk [0x76A2FA29+25]
	RtlGetAppContainerNamedObjectPath [0x772B7A9E+286]
	RtlGetAppContainerNamedObjectPath [0x772B7A6E+238]

	at org.openqa.selenium.remote.W3CHandshakeResponse.lambda$new$0(W3CHandshakeResponse.java:57)
	at org.openqa.selenium.remote.W3CHandshakeResponse.lambda$getResponseFunction$2(W3CHandshakeResponse.java:104)
	at org.openqa.selenium.remote.ProtocolHandshake.lambda$createSession$0(ProtocolHandshake.java:122)
	at java.base/java.util.stream.ReferencePipeline$3$1.accept(ReferencePipeline.java:195)
	at java.base/java.util.Spliterators$ArraySpliterator.tryAdvance(Spliterators.java:958)
	at java.base/java.util.stream.ReferencePipeline.forEachWithCancel(ReferencePipeline.java:127)
	at java.base/java.util.stream.AbstractPipeline.copyIntoWithCancel(AbstractPipeline.java:502)
	at java.base/java.util.stream.AbstractPipeline.copyInto(AbstractPipeline.java:488)
	at java.base/java.util.stream.AbstractPipeline.wrapAndCopyInto(AbstractPipeline.java:474)
	at java.base/java.util.stream.FindOps$FindOp.evaluateSequential(FindOps.java:150)
	at java.base/java.util.stream.AbstractPipeline.evaluate(AbstractPipeline.java:234)
	at java.base/java.util.stream.ReferencePipeline.findFirst(ReferencePipeline.java:543)
	at org.openqa.selenium.remote.ProtocolHandshake.createSession(ProtocolHandshake.java:125)
	at org.openqa.selenium.remote.ProtocolHandshake.createSession(ProtocolHandshake.java:73)
	at org.openqa.selenium.remote.HttpCommandExecutor.execute(HttpCommandExecutor.java:136)
	at org.openqa.selenium.remote.service.DriverCommandExecutor.execute(DriverCommandExecutor.java:83)
	at org.openqa.selenium.remote.RemoteWebDriver.execute(RemoteWebDriver.java:548)
	at org.openqa.selenium.remote.RemoteWebDriver.startSession(RemoteWebDriver.java:212)
	at org.openqa.selenium.remote.RemoteWebDriver.<init>(RemoteWebDriver.java:130)
	at org.openqa.selenium.chrome.ChromeDriver.<init>(ChromeDriver.java:181)
	at org.openqa.selenium.chrome.ChromeDriver.<init>(ChromeDriver.java:168)
	at org.openqa.selenium.chrome.ChromeDriver.<init>(ChromeDriver.java:157)
	at com.wallethub.qa.base.TestBase.initialization(TestBase.java:47)
	at com.wallethub.qa.testcases.TestInsuranceReview.setup(TestInsuranceReview.java:27)
... Removed 31 stack frames]]>
    </failure>
  </testcase> <!-- @BeforeMethod setup -->
  <testcase classname="com.wallethub.qa.testcases.TestInsuranceReview" name="@BeforeMethod setup" time="0.0">
    <skipped/>
  </testcase> <!-- @BeforeMethod setup -->
  <testcase classname="com.wallethub.qa.testcases.TestInsuranceReview" name="writeReview" time="0.0">
    <skipped/>
  </testcase> <!-- writeReview -->
  <testcase classname="com.wallethub.qa.testcases.TestInsuranceReview" name="verifyReview" time="0.0">
    <skipped/>
  </testcase> <!-- verifyReview -->
</testsuite> <!-- Test -->
